[2021-11-26 07:51:03,927][__main__][INFO] - Looking for dataset in /kaggle/working/tinyimagenet/data/tiny-imagenet-200
[2021-11-26 07:51:03,927][__main__][INFO] - Write checkpoints to /kaggle/working/tinyimagenet/results/torchvision.resnet50/2021-11-26_07-51-03/checkpoints/model.pth
[2021-11-26 07:51:03,940][__main__][INFO] - Loaded transforms from:
pre: config/augmentation/pre.yaml
main: config/augmentation/default.yaml
post: config/augmentation/post.yaml

[2021-11-26 07:51:04,738][__main__][INFO] - Created training dataset (100000) and loader (391): batch size 256, num workers 4
[2021-11-26 07:51:04,981][__main__][INFO] - Created validation dataset (10000) and loader (40): batch size 256, num workers 4
[2021-11-26 07:51:05,000][__main__][INFO] - Using device=cuda
[2021-11-26 07:51:05,365][__main__][INFO] - Created model torchvision.resnet50(pretrained=False) with 200 outputs
[2021-11-26 07:51:07,410][__main__][INFO] - Created optimizer SGD(lr=0.1, momentum=0.9, weight_decay=1e-05)
[2021-11-26 07:51:07,411][__main__][INFO] - Scheduler not specified. Use default CosineScheduler with T_max=7820
[2021-11-26 07:53:29,821][__main__][INFO] - Train Epoch: 0 [ (1%)]	Loss: 5.487942
[2021-11-26 07:53:39,179][__main__][INFO] - Test set: Average loss: 5.2600, Accuracy: 100/10000 (1%)
[2021-11-26 07:53:39,185][__main__][INFO] - Save the best model to /kaggle/working/tinyimagenet/results/torchvision.resnet50/2021-11-26_07-51-03/checkpoints/model.pth
[2021-11-26 07:55:48,497][__main__][INFO] - Train Epoch: 1 [ (2%)]	Loss: 5.104309
[2021-11-26 07:55:57,368][__main__][INFO] - Test set: Average loss: 4.9403, Accuracy: 259/10000 (3%)
[2021-11-26 07:55:57,381][__main__][INFO] - Save the best model to /kaggle/working/tinyimagenet/results/torchvision.resnet50/2021-11-26_07-51-03/checkpoints/model.pth
[2021-11-26 07:58:07,899][__main__][INFO] - Train Epoch: 2 [ (4%)]	Loss: 4.798346
[2021-11-26 07:58:17,989][__main__][INFO] - Test set: Average loss: 4.6150, Accuracy: 569/10000 (6%)
[2021-11-26 07:58:17,996][__main__][INFO] - Save the best model to /kaggle/working/tinyimagenet/results/torchvision.resnet50/2021-11-26_07-51-03/checkpoints/model.pth
[2021-11-26 08:00:26,598][__main__][INFO] - Train Epoch: 3 [ (7%)]	Loss: 4.452294
[2021-11-26 08:00:36,354][__main__][INFO] - Test set: Average loss: 4.2689, Accuracy: 1041/10000 (10%)
[2021-11-26 08:00:36,360][__main__][INFO] - Save the best model to /kaggle/working/tinyimagenet/results/torchvision.resnet50/2021-11-26_07-51-03/checkpoints/model.pth
[2021-11-26 08:02:44,625][__main__][INFO] - Train Epoch: 4 [ (11%)]	Loss: 4.149643
[2021-11-26 08:02:54,018][__main__][INFO] - Test set: Average loss: 4.0213, Accuracy: 1353/10000 (14%)
[2021-11-26 08:02:54,024][__main__][INFO] - Save the best model to /kaggle/working/tinyimagenet/results/torchvision.resnet50/2021-11-26_07-51-03/checkpoints/model.pth
[2021-11-26 08:05:01,486][__main__][INFO] - Train Epoch: 5 [ (15%)]	Loss: 3.890280
[2021-11-26 08:05:11,003][__main__][INFO] - Test set: Average loss: 3.7826, Accuracy: 1716/10000 (17%)
[2021-11-26 08:05:11,009][__main__][INFO] - Save the best model to /kaggle/working/tinyimagenet/results/torchvision.resnet50/2021-11-26_07-51-03/checkpoints/model.pth
[2021-11-26 08:07:18,232][__main__][INFO] - Train Epoch: 6 [ (19%)]	Loss: 3.653262
[2021-11-26 08:07:27,737][__main__][INFO] - Test set: Average loss: 3.6573, Accuracy: 1933/10000 (19%)
[2021-11-26 08:07:27,743][__main__][INFO] - Save the best model to /kaggle/working/tinyimagenet/results/torchvision.resnet50/2021-11-26_07-51-03/checkpoints/model.pth
[2021-11-26 08:09:36,984][__main__][INFO] - Train Epoch: 7 [ (23%)]	Loss: 3.434840
[2021-11-26 08:09:46,690][__main__][INFO] - Test set: Average loss: 3.3890, Accuracy: 2394/10000 (24%)
[2021-11-26 08:09:46,697][__main__][INFO] - Save the best model to /kaggle/working/tinyimagenet/results/torchvision.resnet50/2021-11-26_07-51-03/checkpoints/model.pth
[2021-11-26 08:11:56,533][__main__][INFO] - Train Epoch: 8 [ (26%)]	Loss: 3.249281
[2021-11-26 08:12:05,733][__main__][INFO] - Test set: Average loss: 3.7507, Accuracy: 2618/10000 (26%)
[2021-11-26 08:12:05,744][__main__][INFO] - Save the best model to /kaggle/working/tinyimagenet/results/torchvision.resnet50/2021-11-26_07-51-03/checkpoints/model.pth
[2021-11-26 08:14:13,652][__main__][INFO] - Train Epoch: 9 [ (29%)]	Loss: 3.074120
[2021-11-26 08:14:22,930][__main__][INFO] - Test set: Average loss: 3.1487, Accuracy: 2914/10000 (29%)
[2021-11-26 08:14:22,936][__main__][INFO] - Save the best model to /kaggle/working/tinyimagenet/results/torchvision.resnet50/2021-11-26_07-51-03/checkpoints/model.pth
[2021-11-26 08:16:31,396][__main__][INFO] - Train Epoch: 10 [ (32%)]	Loss: 2.914304
[2021-11-26 08:16:40,246][__main__][INFO] - Test set: Average loss: 3.0828, Accuracy: 3061/10000 (31%)
[2021-11-26 08:16:40,256][__main__][INFO] - Save the best model to /kaggle/working/tinyimagenet/results/torchvision.resnet50/2021-11-26_07-51-03/checkpoints/model.pth
[2021-11-26 08:18:48,870][__main__][INFO] - Train Epoch: 11 [ (34%)]	Loss: 2.770572
[2021-11-26 08:18:58,054][__main__][INFO] - Test set: Average loss: 3.0653, Accuracy: 3184/10000 (32%)
[2021-11-26 08:18:58,060][__main__][INFO] - Save the best model to /kaggle/working/tinyimagenet/results/torchvision.resnet50/2021-11-26_07-51-03/checkpoints/model.pth
[2021-11-26 08:21:08,581][__main__][INFO] - Train Epoch: 12 [ (37%)]	Loss: 2.620408
[2021-11-26 08:21:17,542][__main__][INFO] - Test set: Average loss: 3.1984, Accuracy: 3313/10000 (33%)
[2021-11-26 08:21:17,549][__main__][INFO] - Save the best model to /kaggle/working/tinyimagenet/results/torchvision.resnet50/2021-11-26_07-51-03/checkpoints/model.pth
[2021-11-26 08:23:26,214][__main__][INFO] - Train Epoch: 13 [ (40%)]	Loss: 2.468405
[2021-11-26 08:23:35,854][__main__][INFO] - Test set: Average loss: 3.0913, Accuracy: 3397/10000 (34%)
[2021-11-26 08:23:35,861][__main__][INFO] - Save the best model to /kaggle/working/tinyimagenet/results/torchvision.resnet50/2021-11-26_07-51-03/checkpoints/model.pth
[2021-11-26 08:25:42,009][__main__][INFO] - Train Epoch: 14 [ (44%)]	Loss: 2.306459
[2021-11-26 08:25:50,892][__main__][INFO] - Test set: Average loss: 2.9142, Accuracy: 3547/10000 (35%)
[2021-11-26 08:25:50,898][__main__][INFO] - Save the best model to /kaggle/working/tinyimagenet/results/torchvision.resnet50/2021-11-26_07-51-03/checkpoints/model.pth
[2021-11-26 08:27:57,712][__main__][INFO] - Train Epoch: 15 [ (47%)]	Loss: 2.149646
[2021-11-26 08:28:07,057][__main__][INFO] - Test set: Average loss: 2.9223, Accuracy: 3652/10000 (37%)
[2021-11-26 08:28:07,064][__main__][INFO] - Save the best model to /kaggle/working/tinyimagenet/results/torchvision.resnet50/2021-11-26_07-51-03/checkpoints/model.pth
[2021-11-26 08:30:16,116][__main__][INFO] - Train Epoch: 16 [ (50%)]	Loss: 2.006070
[2021-11-26 08:30:25,415][__main__][INFO] - Test set: Average loss: 2.8713, Accuracy: 3695/10000 (37%)
[2021-11-26 08:30:25,425][__main__][INFO] - Save the best model to /kaggle/working/tinyimagenet/results/torchvision.resnet50/2021-11-26_07-51-03/checkpoints/model.pth
[2021-11-26 08:32:35,623][__main__][INFO] - Train Epoch: 17 [ (53%)]	Loss: 1.862439
[2021-11-26 08:32:44,893][__main__][INFO] - Test set: Average loss: 2.9809, Accuracy: 3685/10000 (37%)
[2021-11-26 08:34:56,064][__main__][INFO] - Train Epoch: 18 [ (56%)]	Loss: 1.765431
[2021-11-26 08:35:05,998][__main__][INFO] - Test set: Average loss: 3.1496, Accuracy: 3705/10000 (37%)
[2021-11-26 08:35:06,004][__main__][INFO] - Save the best model to /kaggle/working/tinyimagenet/results/torchvision.resnet50/2021-11-26_07-51-03/checkpoints/model.pth
[2021-11-26 08:37:16,691][__main__][INFO] - Train Epoch: 19 [ (57%)]	Loss: 1.712348
[2021-11-26 08:37:26,328][__main__][INFO] - Test set: Average loss: 2.9702, Accuracy: 3697/10000 (37%)
