[2021-11-26 09:09:36,460][__main__][INFO] - Looking for dataset in /kaggle/working/tinyimagenet/data/tiny-imagenet-200
[2021-11-26 09:09:36,461][__main__][INFO] - Write checkpoints to /kaggle/working/tinyimagenet/results/torchvision.resnet50/2021-11-26_09-09-36/checkpoints/model.pth
[2021-11-26 09:09:36,474][__main__][INFO] - Loaded transforms from:
pre: config/augmentation/pre.yaml
main: config/augmentation/default.yaml
post: config/augmentation/post.yaml

[2021-11-26 09:09:37,281][__main__][INFO] - Created training dataset (100000) and loader (391): batch size 256, num workers 4
[2021-11-26 09:09:37,518][__main__][INFO] - Created validation dataset (10000) and loader (40): batch size 256, num workers 4
[2021-11-26 09:09:37,529][__main__][INFO] - Using device=cuda
[2021-11-26 09:09:37,991][__main__][INFO] - Created model torchvision.resnet50(pretrained=True) with 200 outputs
[2021-11-26 09:09:39,964][__main__][INFO] - Created optimizer SGD(lr=0.1, momentum=0.9, weight_decay=1e-05)
[2021-11-26 09:09:39,965][__main__][INFO] - Scheduler not specified. Use default CosineScheduler with T_max=7820
[2021-11-26 09:11:51,563][__main__][INFO] - Train Epoch: 0 [ (27%)]	Loss: 3.218176
[2021-11-26 09:12:01,166][__main__][INFO] - Test set: Average loss: 2.7879, Accuracy: 3531/10000 (35%)
[2021-11-26 09:12:01,173][__main__][INFO] - Save the best model to /kaggle/working/tinyimagenet/results/torchvision.resnet50/2021-11-26_09-09-36/checkpoints/model.pth
[2021-11-26 09:14:12,255][__main__][INFO] - Train Epoch: 1 [ (43%)]	Loss: 2.340670
[2021-11-26 09:14:22,350][__main__][INFO] - Test set: Average loss: 2.4189, Accuracy: 4197/10000 (42%)
[2021-11-26 09:14:22,358][__main__][INFO] - Save the best model to /kaggle/working/tinyimagenet/results/torchvision.resnet50/2021-11-26_09-09-36/checkpoints/model.pth
[2021-11-26 09:16:34,694][__main__][INFO] - Train Epoch: 2 [ (50%)]	Loss: 2.011729
[2021-11-26 09:16:44,195][__main__][INFO] - Test set: Average loss: 2.1480, Accuracy: 4772/10000 (48%)
[2021-11-26 09:16:44,201][__main__][INFO] - Save the best model to /kaggle/working/tinyimagenet/results/torchvision.resnet50/2021-11-26_09-09-36/checkpoints/model.pth
[2021-11-26 09:18:55,811][__main__][INFO] - Train Epoch: 3 [ (54%)]	Loss: 1.799017
[2021-11-26 09:19:06,695][__main__][INFO] - Test set: Average loss: 2.1030, Accuracy: 4962/10000 (50%)
[2021-11-26 09:19:06,701][__main__][INFO] - Save the best model to /kaggle/working/tinyimagenet/results/torchvision.resnet50/2021-11-26_09-09-36/checkpoints/model.pth
[2021-11-26 09:21:18,395][__main__][INFO] - Train Epoch: 4 [ (59%)]	Loss: 1.583281
[2021-11-26 09:21:28,505][__main__][INFO] - Test set: Average loss: 1.9718, Accuracy: 5214/10000 (52%)
[2021-11-26 09:21:28,511][__main__][INFO] - Save the best model to /kaggle/working/tinyimagenet/results/torchvision.resnet50/2021-11-26_09-09-36/checkpoints/model.pth
[2021-11-26 09:23:42,691][__main__][INFO] - Train Epoch: 5 [ (63%)]	Loss: 1.400070
[2021-11-26 09:23:52,423][__main__][INFO] - Test set: Average loss: 1.9416, Accuracy: 5269/10000 (53%)
[2021-11-26 09:23:52,430][__main__][INFO] - Save the best model to /kaggle/working/tinyimagenet/results/torchvision.resnet50/2021-11-26_09-09-36/checkpoints/model.pth
[2021-11-26 09:26:06,492][__main__][INFO] - Train Epoch: 6 [ (67%)]	Loss: 1.231305
[2021-11-26 09:26:16,228][__main__][INFO] - Test set: Average loss: 1.8639, Accuracy: 5506/10000 (55%)
[2021-11-26 09:26:16,235][__main__][INFO] - Save the best model to /kaggle/working/tinyimagenet/results/torchvision.resnet50/2021-11-26_09-09-36/checkpoints/model.pth
[2021-11-26 09:28:28,996][__main__][INFO] - Train Epoch: 7 [ (71%)]	Loss: 1.073356
[2021-11-26 09:28:38,631][__main__][INFO] - Test set: Average loss: 1.9530, Accuracy: 5400/10000 (54%)
[2021-11-26 09:30:51,362][__main__][INFO] - Train Epoch: 8 [ (74%)]	Loss: 0.922364
[2021-11-26 09:31:00,839][__main__][INFO] - Test set: Average loss: 1.9426, Accuracy: 5486/10000 (55%)
[2021-11-26 09:33:12,842][__main__][INFO] - Train Epoch: 9 [ (78%)]	Loss: 0.768942
[2021-11-26 09:33:23,081][__main__][INFO] - Test set: Average loss: 1.9033, Accuracy: 5684/10000 (57%)
[2021-11-26 09:33:23,088][__main__][INFO] - Save the best model to /kaggle/working/tinyimagenet/results/torchvision.resnet50/2021-11-26_09-09-36/checkpoints/model.pth
[2021-11-26 09:35:35,417][__main__][INFO] - Train Epoch: 10 [ (82%)]	Loss: 0.624792
[2021-11-26 09:35:45,110][__main__][INFO] - Test set: Average loss: 1.9393, Accuracy: 5772/10000 (58%)
[2021-11-26 09:35:45,117][__main__][INFO] - Save the best model to /kaggle/working/tinyimagenet/results/torchvision.resnet50/2021-11-26_09-09-36/checkpoints/model.pth
[2021-11-26 09:37:56,680][__main__][INFO] - Train Epoch: 11 [ (86%)]	Loss: 0.495194
[2021-11-26 09:38:06,465][__main__][INFO] - Test set: Average loss: 1.9781, Accuracy: 5829/10000 (58%)
[2021-11-26 09:38:06,472][__main__][INFO] - Save the best model to /kaggle/working/tinyimagenet/results/torchvision.resnet50/2021-11-26_09-09-36/checkpoints/model.pth
[2021-11-26 09:40:17,259][__main__][INFO] - Train Epoch: 12 [ (89%)]	Loss: 0.377681
[2021-11-26 09:40:26,850][__main__][INFO] - Test set: Average loss: 2.0348, Accuracy: 5878/10000 (59%)
[2021-11-26 09:40:26,856][__main__][INFO] - Save the best model to /kaggle/working/tinyimagenet/results/torchvision.resnet50/2021-11-26_09-09-36/checkpoints/model.pth
[2021-11-26 09:42:40,166][__main__][INFO] - Train Epoch: 13 [ (91%)]	Loss: 0.289849
[2021-11-26 09:42:49,683][__main__][INFO] - Test set: Average loss: 2.0704, Accuracy: 5918/10000 (59%)
[2021-11-26 09:42:49,690][__main__][INFO] - Save the best model to /kaggle/working/tinyimagenet/results/torchvision.resnet50/2021-11-26_09-09-36/checkpoints/model.pth
[2021-11-26 09:45:02,695][__main__][INFO] - Train Epoch: 14 [ (94%)]	Loss: 0.217663
[2021-11-26 09:45:12,111][__main__][INFO] - Test set: Average loss: 2.1396, Accuracy: 5975/10000 (60%)
[2021-11-26 09:45:12,117][__main__][INFO] - Save the best model to /kaggle/working/tinyimagenet/results/torchvision.resnet50/2021-11-26_09-09-36/checkpoints/model.pth
[2021-11-26 09:47:26,411][__main__][INFO] - Train Epoch: 15 [ (95%)]	Loss: 0.169061
[2021-11-26 09:47:36,892][__main__][INFO] - Test set: Average loss: 2.2139, Accuracy: 5992/10000 (60%)
[2021-11-26 09:47:36,900][__main__][INFO] - Save the best model to /kaggle/working/tinyimagenet/results/torchvision.resnet50/2021-11-26_09-09-36/checkpoints/model.pth
[2021-11-26 09:49:51,661][__main__][INFO] - Train Epoch: 16 [ (96%)]	Loss: 0.133393
[2021-11-26 09:50:01,477][__main__][INFO] - Test set: Average loss: 2.2725, Accuracy: 6025/10000 (60%)
[2021-11-26 09:50:01,484][__main__][INFO] - Save the best model to /kaggle/working/tinyimagenet/results/torchvision.resnet50/2021-11-26_09-09-36/checkpoints/model.pth
[2021-11-26 09:52:15,362][__main__][INFO] - Train Epoch: 17 [ (97%)]	Loss: 0.108748
[2021-11-26 09:52:25,851][__main__][INFO] - Test set: Average loss: 2.3566, Accuracy: 6033/10000 (60%)
[2021-11-26 09:52:25,857][__main__][INFO] - Save the best model to /kaggle/working/tinyimagenet/results/torchvision.resnet50/2021-11-26_09-09-36/checkpoints/model.pth
[2021-11-26 09:54:35,966][__main__][INFO] - Train Epoch: 18 [ (97%)]	Loss: 0.099202
[2021-11-26 09:54:45,697][__main__][INFO] - Test set: Average loss: 2.3322, Accuracy: 6051/10000 (61%)
[2021-11-26 09:54:45,708][__main__][INFO] - Save the best model to /kaggle/working/tinyimagenet/results/torchvision.resnet50/2021-11-26_09-09-36/checkpoints/model.pth
[2021-11-26 09:56:55,514][__main__][INFO] - Train Epoch: 19 [ (97%)]	Loss: 0.091596
[2021-11-26 09:57:04,870][__main__][INFO] - Test set: Average loss: 2.3712, Accuracy: 6044/10000 (60%)
