[2021-11-19 16:35:06,062][__main__][INFO] - Looking for dataset in /kaggle/working/tinyimagenet/data/tiny-imagenet-200
[2021-11-19 16:35:06,063][__main__][INFO] - Write checkpoints to /kaggle/working/tinyimagenet/results/models.resnet18/2021-11-19_16-35-06/checkpoints/model.pth
[2021-11-19 16:35:06,081][__main__][INFO] - Loaded transforms from:
pre: config/augmentation/pre.yaml
main: config/augmentation/default.yaml
post: config/augmentation/post.yaml

[2021-11-19 16:35:06,941][__main__][INFO] - Created training dataset (100000) and loader (391): batch size 256, num workers 4
[2021-11-19 16:35:07,185][__main__][INFO] - Created validation dataset (10000) and loader (40): batch size 256, num workers 4
[2021-11-19 16:35:07,233][__main__][INFO] - Using device=cuda
[2021-11-19 16:35:07,481][__main__][INFO] - Created model models.resnet18(pretrained=False) with 200 outputs
[2021-11-19 16:35:10,891][__main__][INFO] - Created optimizer SGD(lr=0.1, momentum=0.9, weight_decay=1e-05)
[2021-11-19 16:35:10,892][__main__][INFO] - Scheduler not specified. Use default CosineScheduler with T_max=15640
[2021-11-19 16:40:16,961][__main__][INFO] - Train Epoch: 0 [ (8%)]	Loss: 4.538050
[2021-11-19 16:40:32,247][__main__][INFO] - Test set: Average loss: 4.2098, Accuracy: 1165/10000 (12%)
[2021-11-19 16:40:32,257][__main__][INFO] - Save the best model to /kaggle/working/tinyimagenet/results/models.resnet18/2021-11-19_16-35-06/checkpoints/model.pth
[2021-11-19 16:45:25,149][__main__][INFO] - Train Epoch: 1 [ (18%)]	Loss: 3.687185
[2021-11-19 16:45:40,726][__main__][INFO] - Test set: Average loss: 3.7695, Accuracy: 1838/10000 (18%)
[2021-11-19 16:45:40,734][__main__][INFO] - Save the best model to /kaggle/working/tinyimagenet/results/models.resnet18/2021-11-19_16-35-06/checkpoints/model.pth
[2021-11-19 16:50:29,881][__main__][INFO] - Train Epoch: 2 [ (26%)]	Loss: 3.229080
[2021-11-19 16:50:44,340][__main__][INFO] - Test set: Average loss: 3.2955, Accuracy: 2546/10000 (25%)
[2021-11-19 16:50:44,348][__main__][INFO] - Save the best model to /kaggle/working/tinyimagenet/results/models.resnet18/2021-11-19_16-35-06/checkpoints/model.pth
[2021-11-19 16:55:35,605][__main__][INFO] - Train Epoch: 3 [ (32%)]	Loss: 2.920482
[2021-11-19 16:55:49,893][__main__][INFO] - Test set: Average loss: 3.0228, Accuracy: 2969/10000 (30%)
[2021-11-19 16:55:49,902][__main__][INFO] - Save the best model to /kaggle/working/tinyimagenet/results/models.resnet18/2021-11-19_16-35-06/checkpoints/model.pth
[2021-11-19 17:00:40,124][__main__][INFO] - Train Epoch: 4 [ (37%)]	Loss: 2.685010
[2021-11-19 17:00:54,755][__main__][INFO] - Test set: Average loss: 2.7739, Accuracy: 3465/10000 (35%)
[2021-11-19 17:00:54,763][__main__][INFO] - Save the best model to /kaggle/working/tinyimagenet/results/models.resnet18/2021-11-19_16-35-06/checkpoints/model.pth
[2021-11-19 17:05:46,523][__main__][INFO] - Train Epoch: 5 [ (40%)]	Loss: 2.484648
[2021-11-19 17:06:01,499][__main__][INFO] - Test set: Average loss: 2.6080, Accuracy: 3811/10000 (38%)
[2021-11-19 17:06:01,506][__main__][INFO] - Save the best model to /kaggle/working/tinyimagenet/results/models.resnet18/2021-11-19_16-35-06/checkpoints/model.pth
[2021-11-19 17:10:50,887][__main__][INFO] - Train Epoch: 6 [ (44%)]	Loss: 2.321848
[2021-11-19 17:11:05,177][__main__][INFO] - Test set: Average loss: 2.4602, Accuracy: 4146/10000 (41%)
[2021-11-19 17:11:05,184][__main__][INFO] - Save the best model to /kaggle/working/tinyimagenet/results/models.resnet18/2021-11-19_16-35-06/checkpoints/model.pth
[2021-11-19 17:15:56,030][__main__][INFO] - Train Epoch: 7 [ (47%)]	Loss: 2.171275
[2021-11-19 17:16:10,313][__main__][INFO] - Test set: Average loss: 2.4492, Accuracy: 4183/10000 (42%)
[2021-11-19 17:16:10,320][__main__][INFO] - Save the best model to /kaggle/working/tinyimagenet/results/models.resnet18/2021-11-19_16-35-06/checkpoints/model.pth
[2021-11-19 17:21:02,483][__main__][INFO] - Train Epoch: 8 [ (49%)]	Loss: 2.051390
[2021-11-19 17:21:18,490][__main__][INFO] - Test set: Average loss: 2.3201, Accuracy: 4479/10000 (45%)
[2021-11-19 17:21:18,497][__main__][INFO] - Save the best model to /kaggle/working/tinyimagenet/results/models.resnet18/2021-11-19_16-35-06/checkpoints/model.pth
[2021-11-19 17:26:06,643][__main__][INFO] - Train Epoch: 9 [ (52%)]	Loss: 1.928478
[2021-11-19 17:26:21,536][__main__][INFO] - Test set: Average loss: 2.3264, Accuracy: 4515/10000 (45%)
[2021-11-19 17:26:21,544][__main__][INFO] - Save the best model to /kaggle/working/tinyimagenet/results/models.resnet18/2021-11-19_16-35-06/checkpoints/model.pth
[2021-11-19 17:31:09,981][__main__][INFO] - Train Epoch: 10 [ (54%)]	Loss: 1.815043
[2021-11-19 17:31:23,978][__main__][INFO] - Test set: Average loss: 2.2595, Accuracy: 4644/10000 (46%)
[2021-11-19 17:31:23,985][__main__][INFO] - Save the best model to /kaggle/working/tinyimagenet/results/models.resnet18/2021-11-19_16-35-06/checkpoints/model.pth
[2021-11-19 17:36:13,824][__main__][INFO] - Train Epoch: 11 [ (57%)]	Loss: 1.710498
[2021-11-19 17:36:28,398][__main__][INFO] - Test set: Average loss: 2.1845, Accuracy: 4913/10000 (49%)
[2021-11-19 17:36:28,406][__main__][INFO] - Save the best model to /kaggle/working/tinyimagenet/results/models.resnet18/2021-11-19_16-35-06/checkpoints/model.pth
[2021-11-19 17:41:16,791][__main__][INFO] - Train Epoch: 12 [ (59%)]	Loss: 1.613171
[2021-11-19 17:41:31,183][__main__][INFO] - Test set: Average loss: 2.1598, Accuracy: 4930/10000 (49%)
[2021-11-19 17:41:31,189][__main__][INFO] - Save the best model to /kaggle/working/tinyimagenet/results/models.resnet18/2021-11-19_16-35-06/checkpoints/model.pth
[2021-11-19 17:46:21,112][__main__][INFO] - Train Epoch: 13 [ (61%)]	Loss: 1.519619
[2021-11-19 17:46:35,373][__main__][INFO] - Test set: Average loss: 2.0569, Accuracy: 5126/10000 (51%)
[2021-11-19 17:46:35,381][__main__][INFO] - Save the best model to /kaggle/working/tinyimagenet/results/models.resnet18/2021-11-19_16-35-06/checkpoints/model.pth
[2021-11-19 17:51:24,205][__main__][INFO] - Train Epoch: 14 [ (63%)]	Loss: 1.421832
[2021-11-19 17:51:38,714][__main__][INFO] - Test set: Average loss: 2.0355, Accuracy: 5253/10000 (53%)
[2021-11-19 17:51:38,721][__main__][INFO] - Save the best model to /kaggle/working/tinyimagenet/results/models.resnet18/2021-11-19_16-35-06/checkpoints/model.pth
[2021-11-19 17:56:27,232][__main__][INFO] - Train Epoch: 15 [ (65%)]	Loss: 1.332357
[2021-11-19 17:56:42,023][__main__][INFO] - Test set: Average loss: 2.0891, Accuracy: 5191/10000 (52%)
[2021-11-19 18:01:31,753][__main__][INFO] - Train Epoch: 16 [ (67%)]	Loss: 1.236737
[2021-11-19 18:01:46,465][__main__][INFO] - Test set: Average loss: 2.0600, Accuracy: 5243/10000 (52%)
[2021-11-19 18:06:36,185][__main__][INFO] - Train Epoch: 17 [ (69%)]	Loss: 1.147686
[2021-11-19 18:06:50,045][__main__][INFO] - Test set: Average loss: 2.0389, Accuracy: 5420/10000 (54%)
[2021-11-19 18:06:50,052][__main__][INFO] - Save the best model to /kaggle/working/tinyimagenet/results/models.resnet18/2021-11-19_16-35-06/checkpoints/model.pth
[2021-11-19 18:11:42,055][__main__][INFO] - Train Epoch: 18 [ (71%)]	Loss: 1.055078
[2021-11-19 18:11:57,004][__main__][INFO] - Test set: Average loss: 2.1013, Accuracy: 5381/10000 (54%)
[2021-11-19 18:16:46,297][__main__][INFO] - Train Epoch: 19 [ (73%)]	Loss: 0.967766
[2021-11-19 18:17:01,253][__main__][INFO] - Test set: Average loss: 2.1072, Accuracy: 5341/10000 (53%)
[2021-11-19 18:21:51,262][__main__][INFO] - Train Epoch: 20 [ (75%)]	Loss: 0.886382
[2021-11-19 18:22:05,225][__main__][INFO] - Test set: Average loss: 2.0975, Accuracy: 5458/10000 (55%)
[2021-11-19 18:22:05,232][__main__][INFO] - Save the best model to /kaggle/working/tinyimagenet/results/models.resnet18/2021-11-19_16-35-06/checkpoints/model.pth
[2021-11-19 18:26:55,280][__main__][INFO] - Train Epoch: 21 [ (78%)]	Loss: 0.793715
[2021-11-19 18:27:09,387][__main__][INFO] - Test set: Average loss: 2.1462, Accuracy: 5471/10000 (55%)
[2021-11-19 18:27:09,395][__main__][INFO] - Save the best model to /kaggle/working/tinyimagenet/results/models.resnet18/2021-11-19_16-35-06/checkpoints/model.pth
[2021-11-19 18:32:00,728][__main__][INFO] - Train Epoch: 22 [ (80%)]	Loss: 0.716379
[2021-11-19 18:32:15,317][__main__][INFO] - Test set: Average loss: 2.1701, Accuracy: 5516/10000 (55%)
[2021-11-19 18:32:15,324][__main__][INFO] - Save the best model to /kaggle/working/tinyimagenet/results/models.resnet18/2021-11-19_16-35-06/checkpoints/model.pth
[2021-11-19 18:37:05,245][__main__][INFO] - Train Epoch: 23 [ (82%)]	Loss: 0.636711
[2021-11-19 18:37:20,100][__main__][INFO] - Test set: Average loss: 2.2146, Accuracy: 5476/10000 (55%)
[2021-11-19 18:42:08,344][__main__][INFO] - Train Epoch: 24 [ (84%)]	Loss: 0.562908
[2021-11-19 18:42:22,572][__main__][INFO] - Test set: Average loss: 2.2190, Accuracy: 5519/10000 (55%)
[2021-11-19 18:42:22,578][__main__][INFO] - Save the best model to /kaggle/working/tinyimagenet/results/models.resnet18/2021-11-19_16-35-06/checkpoints/model.pth
[2021-11-19 18:47:12,914][__main__][INFO] - Train Epoch: 25 [ (86%)]	Loss: 0.493217
[2021-11-19 18:47:26,879][__main__][INFO] - Test set: Average loss: 2.2226, Accuracy: 5556/10000 (56%)
[2021-11-19 18:47:26,886][__main__][INFO] - Save the best model to /kaggle/working/tinyimagenet/results/models.resnet18/2021-11-19_16-35-06/checkpoints/model.pth
[2021-11-19 18:52:14,952][__main__][INFO] - Train Epoch: 26 [ (88%)]	Loss: 0.431610
[2021-11-19 18:52:29,093][__main__][INFO] - Test set: Average loss: 2.2866, Accuracy: 5619/10000 (56%)
[2021-11-19 18:52:29,100][__main__][INFO] - Save the best model to /kaggle/working/tinyimagenet/results/models.resnet18/2021-11-19_16-35-06/checkpoints/model.pth
[2021-11-19 18:57:18,000][__main__][INFO] - Train Epoch: 27 [ (89%)]	Loss: 0.372419
[2021-11-19 18:57:32,049][__main__][INFO] - Test set: Average loss: 2.3027, Accuracy: 5625/10000 (56%)
[2021-11-19 18:57:32,057][__main__][INFO] - Save the best model to /kaggle/working/tinyimagenet/results/models.resnet18/2021-11-19_16-35-06/checkpoints/model.pth
[2021-11-19 19:02:22,422][__main__][INFO] - Train Epoch: 28 [ (91%)]	Loss: 0.326001
[2021-11-19 19:02:38,071][__main__][INFO] - Test set: Average loss: 2.2648, Accuracy: 5663/10000 (57%)
[2021-11-19 19:02:38,078][__main__][INFO] - Save the best model to /kaggle/working/tinyimagenet/results/models.resnet18/2021-11-19_16-35-06/checkpoints/model.pth
[2021-11-19 19:07:26,698][__main__][INFO] - Train Epoch: 29 [ (92%)]	Loss: 0.287027
[2021-11-19 19:07:40,628][__main__][INFO] - Test set: Average loss: 2.2966, Accuracy: 5714/10000 (57%)
[2021-11-19 19:07:40,636][__main__][INFO] - Save the best model to /kaggle/working/tinyimagenet/results/models.resnet18/2021-11-19_16-35-06/checkpoints/model.pth
[2021-11-19 19:12:31,170][__main__][INFO] - Train Epoch: 30 [ (93%)]	Loss: 0.251661
[2021-11-19 19:12:45,139][__main__][INFO] - Test set: Average loss: 2.2978, Accuracy: 5688/10000 (57%)
[2021-11-19 19:17:35,449][__main__][INFO] - Train Epoch: 31 [ (94%)]	Loss: 0.226201
[2021-11-19 19:17:49,810][__main__][INFO] - Test set: Average loss: 2.3187, Accuracy: 5728/10000 (57%)
[2021-11-19 19:17:49,825][__main__][INFO] - Save the best model to /kaggle/working/tinyimagenet/results/models.resnet18/2021-11-19_16-35-06/checkpoints/model.pth
[2021-11-19 19:22:37,265][__main__][INFO] - Train Epoch: 32 [ (95%)]	Loss: 0.203580
[2021-11-19 19:22:51,784][__main__][INFO] - Test set: Average loss: 2.3218, Accuracy: 5735/10000 (57%)
[2021-11-19 19:22:51,791][__main__][INFO] - Save the best model to /kaggle/working/tinyimagenet/results/models.resnet18/2021-11-19_16-35-06/checkpoints/model.pth
[2021-11-19 19:27:42,921][__main__][INFO] - Train Epoch: 33 [ (95%)]	Loss: 0.186686
[2021-11-19 19:27:57,388][__main__][INFO] - Test set: Average loss: 2.3320, Accuracy: 5752/10000 (58%)
[2021-11-19 19:27:57,396][__main__][INFO] - Save the best model to /kaggle/working/tinyimagenet/results/models.resnet18/2021-11-19_16-35-06/checkpoints/model.pth
[2021-11-19 19:32:46,965][__main__][INFO] - Train Epoch: 34 [ (95%)]	Loss: 0.174282
[2021-11-19 19:33:00,882][__main__][INFO] - Test set: Average loss: 2.3345, Accuracy: 5770/10000 (58%)
[2021-11-19 19:33:00,888][__main__][INFO] - Save the best model to /kaggle/working/tinyimagenet/results/models.resnet18/2021-11-19_16-35-06/checkpoints/model.pth
[2021-11-19 19:37:51,335][__main__][INFO] - Train Epoch: 35 [ (96%)]	Loss: 0.162928
[2021-11-19 19:38:05,086][__main__][INFO] - Test set: Average loss: 2.3264, Accuracy: 5793/10000 (58%)
[2021-11-19 19:38:05,094][__main__][INFO] - Save the best model to /kaggle/working/tinyimagenet/results/models.resnet18/2021-11-19_16-35-06/checkpoints/model.pth
[2021-11-19 19:42:55,321][__main__][INFO] - Train Epoch: 36 [ (96%)]	Loss: 0.156665
[2021-11-19 19:43:09,778][__main__][INFO] - Test set: Average loss: 2.3202, Accuracy: 5802/10000 (58%)
[2021-11-19 19:43:09,787][__main__][INFO] - Save the best model to /kaggle/working/tinyimagenet/results/models.resnet18/2021-11-19_16-35-06/checkpoints/model.pth
[2021-11-19 19:48:01,383][__main__][INFO] - Train Epoch: 37 [ (96%)]	Loss: 0.152994
[2021-11-19 19:48:16,589][__main__][INFO] - Test set: Average loss: 2.3239, Accuracy: 5798/10000 (58%)
[2021-11-19 19:53:09,202][__main__][INFO] - Train Epoch: 38 [ (96%)]	Loss: 0.152132
[2021-11-19 19:53:23,647][__main__][INFO] - Test set: Average loss: 2.3296, Accuracy: 5783/10000 (58%)
[2021-11-19 19:58:15,010][__main__][INFO] - Train Epoch: 39 [ (96%)]	Loss: 0.148438
[2021-11-19 19:58:28,595][__main__][INFO] - Test set: Average loss: 2.3324, Accuracy: 5792/10000 (58%)
